<?xml version="1.0" encoding="UTF-8"?>
<testExecutions version="1">
  <file path="D:\DATASEED-NIUM\instadevelopers-nestjs-boilerplate-679505f0a847\src\shared\services\request-storage\request-storage.service.spec.ts">
    <testCase name="RequestStorageService should be defined" duration="71"/>
  </file>
  <file path="D:\DATASEED-NIUM\instadevelopers-nestjs-boilerplate-679505f0a847\src\controllers\v1\main\app.controller.spec.ts">
    <testCase name="AppController root should return &quot;Hello World!&quot;" duration="13"/>
  </file>
  <file path="D:\DATASEED-NIUM\instadevelopers-nestjs-boilerplate-679505f0a847\src\shared\services\tracer\tracer.service.spec.ts">
    <testCase name="TracerService should be defined" duration="329"/>
  </file>
  <file path="D:\DATASEED-NIUM\instadevelopers-nestjs-boilerplate-679505f0a847\src\shared\services\http-wrapper\http-wrapper.service.spec.ts">
    <testCase name="HttpWrapperService should be defined" duration="48"/>
  </file>
  <file path="D:\DATASEED-NIUM\instadevelopers-nestjs-boilerplate-679505f0a847\src\shared\services\logger\logger.service.spec.ts">
    <testCase name="LoggerService should be defined" duration="62"/>
  </file>
  <file path="D:\DATASEED-NIUM\instadevelopers-nestjs-boilerplate-679505f0a847\src\shared\services\redis\redis.service.spec.ts">
    <testCase name="RedisService should be defined" duration="69"/>
  </file>
  <file path="D:\DATASEED-NIUM\instadevelopers-nestjs-boilerplate-679505f0a847\src\services\v1\user\user.service.spec.ts">
    <testCase name="UserService should be defined" duration="136"/>
  </file>
  <file path="D:\DATASEED-NIUM\instadevelopers-nestjs-boilerplate-679505f0a847\src\database\services\partner\partner.service.spec.ts">
    <testCase name="PartnerService should be defined" duration="479"/>
  </file>
  <file path="D:\DATASEED-NIUM\instadevelopers-nestjs-boilerplate-679505f0a847\src\services\v1\role\role.service.spec.ts">
    <testCase name="RoleService should be defined" duration="468"/>
  </file>
  <file path="D:\DATASEED-NIUM\instadevelopers-nestjs-boilerplate-679505f0a847\src\graceful-shutdown\services\shutdown\shutdown.service.spec.ts">
    <testCase name="ShutdownService should be defined" duration="507"/>
  </file>
  <file path="D:\DATASEED-NIUM\instadevelopers-nestjs-boilerplate-679505f0a847\src\services\v1\partner\partner.service.spec.ts">
    <testCase name="PartnerService should be defined" duration="464"/>
  </file>
  <file path="D:\DATASEED-NIUM\instadevelopers-nestjs-boilerplate-679505f0a847\test\app.e2e-spec.ts">
    <testCase name="AppController (e2e) Health-Check (GET)" duration="491"/>
  </file>
</testExecutions>